[Wed Jun 04 21:44:52 BST 2025] [HelloUser] SERVER: timtam has joined the chat!
[Wed Jun 04 21:45:02 BST 2025] [GoodbyeUser] SERVER: timtam has left the chat.
[Thu Jun 05 09:44:56 BST 2025] [HelloUser] SERVER: timtam has joined the chat!
[Thu Jun 05 09:45:28 BST 2025] [GoodbyeUser] SERVER: timtam has left the chat.
[Thu Jun 05 09:58:29 BST 2025] [HelloUser] SERVER: Sonny has joined the chat!
[Thu Jun 05 09:58:40 BST 2025] [HelloUser] SERVER: timtam has joined the chat!
[Thu Jun 05 09:59:59 BST 2025] [GoodbyeUser] SERVER: timtam has left the chat.
[Thu Jun 05 10:00:04 BST 2025] [GoodbyeUser] SERVER: Sonny has left the chat.
[Thu Jun 05 10:00:34 BST 2025] [HelloUser] SERVER: timtam has joined the chat!
[Thu Jun 05 10:01:36 BST 2025] [GoodbyeUser] SERVER: timtam has left the chat.
[Thu Jun 05 10:02:11 BST 2025] [HelloUser] SERVER: timtam has joined the chat!
[Thu Jun 05 10:02:19 BST 2025] [GoodbyeUser] SERVER: timtam has left the chat.
[Thu Jun 05 10:09:02 BST 2025] [HelloUser] SERVER: timtam has joined the chat!
[Thu Jun 05 10:09:22 BST 2025] [GoodbyeUser] SERVER: timtam has left the chat.
[Thu Jun 05 10:42:11 BST 2025] [HelloUser] SERVER: Sonny has joined the chat!
[Thu Jun 05 10:42:17 BST 2025] [GoodbyeUser] SERVER: Sonny has left the chat.
[Thu Jun 05 10:43:06 BST 2025] [UserChats] Sonny: hey
[Thu Jun 05 10:43:06 BST 2025] [GoodbyeUser] SERVER: Sonny has left the chat.
[Thu Jun 05 11:15:31 BST 2025] [HelloUser] SERVER: Timtam has joined the chat!
[Thu Jun 05 11:16:05 BST 2025] [GoodbyeUser] SERVER: Timtam has left the chat.
[Thu Jun 05 11:17:50 BST 2025] [GoodbyeUser] SERVER: Timtam has left the chat.
[Thu Jun 05 11:18:02 BST 2025] [HelloUser] SERVER: Sonny has joined the chat!
[Thu Jun 05 11:18:13 BST 2025] [GoodbyeUser] SERVER: Sonny has left the chat.
[Thu Jun 05 11:18:23 BST 2025] [GoodbyeUser] SERVER: Sonny has left the chat.
[Thu Jun 05 11:43:29 BST 2025] [HelloUser] SERVER: Timtam has joined the chat!
[Thu Jun 05 11:51:46 BST 2025] [HelloUser] SERVER: tim has joined the chat!
[Thu Jun 05 11:51:49 BST 2025] [UserChats] tim: hey
[Thu Jun 05 11:52:02 BST 2025] [GoodbyeUser] SERVER: tim has left the chat.
[Thu Jun 05 11:52:02 BST 2025] [GoodbyeUser] SERVER: tim has left the chat.
[Thu Jun 05 11:58:32 BST 2025] [HelloUser] SERVER: tim has joined the chat!
[Thu Jun 05 11:58:37 BST 2025] [GoodbyeUser] SERVER: tim has left the chat.
[Thu Jun 05 11:58:37 BST 2025] [GoodbyeUser] SERVER: tim has left the chat.
[Thu Jun 05 12:04:33 BST 2025] [HelloUser] SERVER: tim has joined the chat!
[Thu Jun 05 12:04:42 BST 2025] [GoodbyeUser] SERVER: tim has left the chat.
[Thu Jun 05 12:04:42 BST 2025] [GoodbyeUser] SERVER: tim has left the chat.
[Thu Jun 05 12:04:42 BST 2025] [UserChats] SERVER: tim has been removed by an admin.
[Thu Jun 05 12:04:42 BST 2025] [Moderation] SERVER: tim has been removed by an admin.
[Thu Jun 05 12:11:56 BST 2025] [HelloUser] SERVER: tim has joined the chat!
[Thu Jun 05 12:12:01 BST 2025] [GoodbyeUser] SERVER: tim has left the chat.
[Thu Jun 05 12:12:01 BST 2025] [Moderation] SERVER: tim has been removed by an admin.
[Thu Jun 05 12:12:01 BST 2025] [GoodbyeUser] SERVER: tim has left the chat.
[Thu Jun 05 12:15:18 BST 2025] [HelloUser] SERVER: tim has joined the chat!
[Thu Jun 05 12:15:30 BST 2025] [UserChats] tim: hey
[Thu Jun 05 12:15:44 BST 2025] [HelloUser] SERVER: CLI has joined the chat!
[Thu Jun 05 12:16:02 BST 2025] [GoodbyeUser] SERVER: CLI has left the chat.
[Thu Jun 05 12:16:02 BST 2025] [Moderation] SERVER: CLI has been removed by an admin.
[Thu Jun 05 12:16:02 BST 2025] [GoodbyeUser] SERVER: CLI has left the chat.
[Thu Jun 05 12:16:13 BST 2025] [GoodbyeUser] SERVER: tim has left the chat.
[Thu Jun 05 12:16:13 BST 2025] [Moderation] SERVER: tim has been removed by an admin.
[Thu Jun 05 12:16:13 BST 2025] [GoodbyeUser] SERVER: tim has left the chat.
[Fri Jun 06 15:54:51 BST 2025] [HelloUser] SERVER: CLI has joined the chat!
[Fri Jun 06 15:55:13 BST 2025] [HelloUser] SERVER: GUI has joined the chat!
[Fri Jun 06 15:56:12 BST 2025] [UserChats] GUI: hey
[Fri Jun 06 15:57:47 BST 2025] [GoodbyeUser] SERVER: GUI has left the chat.
[Fri Jun 06 15:57:47 BST 2025] [Moderation] SERVER: GUI has been removed by an admin.
[Fri Jun 06 15:57:47 BST 2025] [GoodbyeUser] SERVER: GUI has left the chat.
[Fri Jun 06 15:58:07 BST 2025] [GoodbyeUser] SERVER: CLI has left the chat.
[Fri Jun 06 16:25:19 BST 2025] [HelloUser] SERVER: CLI has joined the chat!
[Fri Jun 06 16:27:53 BST 2025] [GoodbyeUser] SERVER: CLI has left the chat.
[Fri Jun 06 16:27:53 BST 2025] [Moderation] SERVER: CLI has been removed by an admin.
[Fri Jun 06 16:27:53 BST 2025] [GoodbyeUser] SERVER: CLI has left the chat.
[Fri Jun 06 16:30:51 BST 2025] [HelloUser] SERVER: CLI has joined the chat!
[Fri Jun 06 16:32:13 BST 2025] [GoodbyeUser] SERVER: CLI has left the chat.
[Fri Jun 06 16:32:13 BST 2025] [Moderation] SERVER: CLI has been removed by an admin.
[Fri Jun 06 16:32:13 BST 2025] [GoodbyeUser] SERVER: CLI has left the chat.
[Fri Jun 06 16:47:07 BST 2025] [HelloUser] SERVER: CLI has joined the chat!
[Fri Jun 06 16:47:32 BST 2025] [GoodbyeUser] SERVER: CLI has left the chat.
[Fri Jun 06 16:47:32 BST 2025] [Moderation] SERVER: CLI has been removed by an admin.
[Fri Jun 06 16:47:32 BST 2025] [GoodbyeUser] SERVER: CLI has left the chat.
[Fri Jun 06 17:29:52 BST 2025] [HelloUser] SERVER: GUI has joined the chat!
[Fri Jun 06 17:30:10 BST 2025] [UserChats] GUI: hey
[Fri Jun 06 17:30:24 BST 2025] [UserChats] GUI: byeee
[Fri Jun 06 17:31:00 BST 2025] [GoodbyeUser] SERVER: GUI has left the chat.
[Fri Jun 06 18:35:55 BST 2025] [HelloUser] SERVER: Tim has joined the chat!
[Fri Jun 06 18:36:02 BST 2025] [UserChats] Tim: yo
[Fri Jun 06 18:36:06 BST 2025] [GoodbyeUser] SERVER: Tim has left the chat.
[Fri Jun 06 18:36:14 BST 2025] [[HelloUser]] SERVER: web has joined the chat!
[Fri Jun 06 19:03:41 BST 2025] [HelloUser] SERVER: web has joined the chat!
[Fri Jun 06 19:03:58 BST 2025] [web] web: hey
[Fri Jun 06 19:04:05 BST 2025] [GoodbyeUser] SERVER: web has left the chat.
[Fri Jun 06 19:06:36 BST 2025] [HelloUser] SERVER: web1 has joined the chat!
[Fri Jun 06 19:06:49 BST 2025] [WebChat] web1: hey
[Fri Jun 06 19:07:03 BST 2025] [GoodbyeUser] SERVER: web1 has left the chat.
[Fri Jun 06 22:26:55 BST 2025] [HelloUser] SERVER: Sonny has joined the chat!
[Fri Jun 06 22:26:55 BST 2025] [UserChats] Sonny: 
[Fri Jun 06 22:27:01 BST 2025] [UserChats] Sonny: Sonny: /startgame
[Fri Jun 06 22:28:11 BST 2025] [UserChats] Sonny: quit
[Fri Jun 06 22:28:12 BST 2025] [GoodbyeUser] SERVER: Sonny has left the chat.
[Fri Jun 06 22:31:17 BST 2025] [HelloUser] SERVER: Sonny has joined the chat!
[Fri Jun 06 22:31:17 BST 2025] [UserChats] Sonny: 
[Fri Jun 06 22:31:24 BST 2025] [UserChats] Sonny: Sonny: /startgame
[Fri Jun 06 22:31:42 BST 2025] [UserChats] Sonny: Sonny: /help
[Fri Jun 06 22:31:45 BST 2025] [UserChats] Sonny: quit
[Fri Jun 06 22:31:46 BST 2025] [GoodbyeUser] SERVER: Sonny has left the chat.
[Fri Jun 06 22:36:45 BST 2025] [HelloUser] SERVER: tim has joined the chat!
[Fri Jun 06 22:36:45 BST 2025] [UserChats] tim: 
[Fri Jun 06 22:36:57 BST 2025] [UserChats] tim: tim: /startgame
[Fri Jun 06 22:37:39 BST 2025] [UserChats] tim: quit
[Fri Jun 06 22:37:39 BST 2025] [GoodbyeUser] SERVER: tim has left the chat.
[Fri Jun 06 22:43:52 BST 2025] [HelloUser] SERVER: tim has joined the chat!
[Fri Jun 06 22:43:52 BST 2025] [UserChats] tim: 
[Fri Jun 06 22:43:54 BST 2025] [UserChats] tim: quit
[Fri Jun 06 22:43:54 BST 2025] [GoodbyeUser] SERVER: tim has left the chat.
[Fri Jun 06 22:44:03 BST 2025] [HelloUser] SERVER: timmy  has joined the chat!
[Fri Jun 06 22:44:03 BST 2025] [UserChats] timmy : 
[Fri Jun 06 22:44:37 BST 2025] [UserChats] timmy : quit
[Fri Jun 06 22:44:38 BST 2025] [GoodbyeUser] SERVER: timmy  has left the chat.
[Fri Jun 06 22:44:43 BST 2025] [HelloUser] SERVER: tim has joined the chat!
[Fri Jun 06 22:44:43 BST 2025] [UserChats] tim: 
[Fri Jun 06 22:44:49 BST 2025] [Moderation] SERVER: tim has been removed by an admin.
[Fri Jun 06 22:44:49 BST 2025] [GoodbyeUser] SERVER: tim has left the chat.
[Fri Jun 06 22:44:49 BST 2025] [GoodbyeUser] SERVER: tim has left the chat.
[Fri Jun 06 22:46:17 BST 2025] [HelloUser] SERVER: timmy has joined the chat!
[Fri Jun 06 22:46:17 BST 2025] [UserChats] timmy: 
[Fri Jun 06 22:46:26 BST 2025] [Moderation] SERVER: timmy has been removed by an admin.
[Fri Jun 06 22:46:26 BST 2025] [GoodbyeUser] SERVER: timmy has left the chat.
[Fri Jun 06 22:48:25 BST 2025] [HelloUser] SERVER: timmy has joined the chat!
[Fri Jun 06 22:48:25 BST 2025] [UserChats] timmy: 
[Fri Jun 06 22:48:30 BST 2025] [Moderation] SERVER: timmy has been removed by an admin.
[Fri Jun 06 22:48:30 BST 2025] [GoodbyeUser] SERVER: timmy has left the chat.
[Fri Jun 06 22:51:36 BST 2025] [HelloUser] SERVER: tim has joined the chat!
[Fri Jun 06 22:51:36 BST 2025] [UserChats] tim: 
[Fri Jun 06 22:51:42 BST 2025] [Moderation] SERVER: tim has been removed by an admin.
[Fri Jun 06 22:51:42 BST 2025] [GoodbyeUser] SERVER: tim has left the chat.
[Fri Jun 06 22:51:53 BST 2025] [HelloUser] SERVER: tim has joined the chat!
[Fri Jun 06 22:51:53 BST 2025] [UserChats] tim: 
[Fri Jun 06 22:51:55 BST 2025] [UserChats] tim: quit
[Fri Jun 06 22:52:20 BST 2025] [GoodbyeUser] SERVER: tim has left the chat.
[Fri Jun 06 23:01:20 BST 2025] [HelloUser] SERVER: tim has joined the chat!
[Fri Jun 06 23:01:20 BST 2025] [UserChats] tim: 
[Fri Jun 06 23:02:23 BST 2025] [HelloUser] SERVER: tim has joined the chat!
[Fri Jun 06 23:02:23 BST 2025] [UserChats] tim: 
[Fri Jun 06 23:02:24 BST 2025] [UserChats] tim: quit
[Fri Jun 06 23:02:25 BST 2025] [GoodbyeUser] SERVER: tim has left the chat.
[Fri Jun 06 23:02:31 BST 2025] [HelloUser] SERVER: tim has joined the chat!
[Fri Jun 06 23:02:31 BST 2025] [UserChats] tim: 
[Fri Jun 06 23:02:36 BST 2025] [Moderation] SERVER: tim has been removed by an admin.
[Fri Jun 06 23:02:36 BST 2025] [GoodbyeUser] SERVER: tim has left the chat.
[Fri Jun 06 23:12:07 BST 2025] [HelloUser] SERVER: timm has joined the chat!
[Fri Jun 06 23:12:07 BST 2025] [UserChats] timm: 
[Fri Jun 06 23:12:10 BST 2025] [UserChats] timm: quit
[Fri Jun 06 23:12:10 BST 2025] [GoodbyeUser] SERVER: timm has left the chat.
[Fri Jun 06 23:12:23 BST 2025] [HelloUser] SERVER: tim has joined the chat!
[Fri Jun 06 23:12:23 BST 2025] [UserChats] tim: 
[Fri Jun 06 23:12:40 BST 2025] [Moderation] SERVER: tim has been removed by an admin.
[Fri Jun 06 23:12:40 BST 2025] [GoodbyeUser] SERVER: tim has left the chat.
[Fri Jun 06 23:12:52 BST 2025] [GameMessages] SERVER: web has joined the chat!
[Fri Jun 06 23:12:52 BST 2025] [HelloUser] SERVER: web has joined the chat!
[Fri Jun 06 23:12:58 BST 2025] [GameMessages] web: hey

[Fri Jun 06 23:12:58 BST 2025] [WebChat] web: hey

[Fri Jun 06 23:13:20 BST 2025] [Moderation] SERVER: web (Web) has been removed by an admin.
[Fri Jun 06 23:13:20 BST 2025] [GameMessages] SERVER: web (Web) has been removed by an admin.
[Fri Jun 06 23:13:43 BST 2025] [HelloUser] SERVER: tim has joined the chat!
[Fri Jun 06 23:13:43 BST 2025] [UserChats] tim: 
[Fri Jun 06 23:13:56 BST 2025] [UserChats] tim: tim: /startgame
[Fri Jun 06 23:14:07 BST 2025] [UserChats] tim: quit
[Fri Jun 06 23:14:07 BST 2025] [GoodbyeUser] SERVER: tim has left the chat.
[Fri Jun 06 23:20:41 BST 2025] [HelloUser] SERVER: tim has joined the chat!
[Fri Jun 06 23:20:50 BST 2025] [UserChats] tim: tim: hey
[Fri Jun 06 23:21:07 BST 2025] [HelloUser] SERVER: sonny has joined the chat!
[Fri Jun 06 23:21:07 BST 2025] [GoodbyeUser] SERVER: tim has left the chat.
[Fri Jun 06 23:25:15 BST 2025] [HelloUser] SERVER: timmy has joined the chat!
[Fri Jun 06 23:25:21 BST 2025] [GameMessages] CAPITAL GAME STARTED! 
[Fri Jun 06 23:25:21 BST 2025] [GameMessages] GAME: First to 5 correct answers wins!
[Fri Jun 06 23:25:21 BST 2025] [GameMessages] GAME: Type your answer in the chat to participate!
[Fri Jun 06 23:25:21 BST 2025] [GameMessages] QUESTION: What is the capital of Spain?
[Fri Jun 06 23:25:21 BST 2025] [GameMessages] GAME: You have 30 seconds to answer!
[Fri Jun 06 23:25:32 BST 2025] [GameMessages] CORRECT! timmy got it right!
[Fri Jun 06 23:25:32 BST 2025] [GameMessages] GAME: timmy now has 1 point(s)!
[Fri Jun 06 23:25:34 BST 2025] [GameMessages] QUESTION: What is the capital of China?
[Fri Jun 06 23:25:34 BST 2025] [GameMessages] GAME: You have 30 seconds to answer!
[Fri Jun 06 23:25:42 BST 2025] [GameMessages] CORRECT! timmy got it right!
[Fri Jun 06 23:25:42 BST 2025] [GameMessages] GAME: timmy now has 2 point(s)!
[Fri Jun 06 23:25:44 BST 2025] [GameMessages] QUESTION: What is the capital of Germany?
[Fri Jun 06 23:25:44 BST 2025] [GameMessages] GAME: You have 30 seconds to answer!
[Fri Jun 06 23:25:50 BST 2025] [GameMessages] CORRECT! timmy got it right!
[Fri Jun 06 23:25:50 BST 2025] [GameMessages] GAME: timmy now has 3 point(s)!
[Fri Jun 06 23:25:51 BST 2025] [GameMessages] TIME'S UP! The answer was: Berlin
[Fri Jun 06 23:25:51 BST 2025] [GameMessages] QUESTION: What is the capital of France?
[Fri Jun 06 23:25:51 BST 2025] [GameMessages] GAME: You have 30 seconds to answer!
[Fri Jun 06 23:25:52 BST 2025] [GameMessages] QUESTION: What is the capital of United States?
[Fri Jun 06 23:25:52 BST 2025] [GameMessages] GAME: You have 30 seconds to answer!
[Fri Jun 06 23:26:03 BST 2025] [GameMessages] CORRECT! timmy got it right!
[Fri Jun 06 23:26:03 BST 2025] [GameMessages] GAME: timmy now has 4 point(s)!
[Fri Jun 06 23:26:04 BST 2025] [GameMessages] TIME'S UP! The answer was: Washington DC
[Fri Jun 06 23:26:04 BST 2025] [GameMessages] QUESTION: What is the capital of Australia?
[Fri Jun 06 23:26:04 BST 2025] [GameMessages] GAME: You have 30 seconds to answer!
[Fri Jun 06 23:26:05 BST 2025] [GameMessages] QUESTION: What is the capital of Mexico?
[Fri Jun 06 23:26:05 BST 2025] [GameMessages] GAME: You have 30 seconds to answer!
[Fri Jun 06 23:26:14 BST 2025] [UserChats] timmy: dont know
[Fri Jun 06 23:26:14 BST 2025] [GameMessages] TIME'S UP! The answer was: Mexico City
[Fri Jun 06 23:26:14 BST 2025] [GameMessages] QUESTION: What is the capital of Japan?
[Fri Jun 06 23:26:14 BST 2025] [GameMessages] GAME: You have 30 seconds to answer!
[Fri Jun 06 23:26:21 BST 2025] [GameMessages] TIME'S UP! The answer was: Tokyo
[Fri Jun 06 23:26:21 BST 2025] [GameMessages] QUESTION: What is the capital of Mexico?
[Fri Jun 06 23:26:21 BST 2025] [GameMessages] GAME: You have 30 seconds to answer!
[Fri Jun 06 23:26:22 BST 2025] [GameMessages] TIME'S UP! The answer was: Mexico City
[Fri Jun 06 23:26:22 BST 2025] [GameMessages] QUESTION: What is the capital of Spain?
[Fri Jun 06 23:26:22 BST 2025] [GameMessages] GAME: You have 30 seconds to answer!
[Fri Jun 06 23:26:26 BST 2025] [UserChats] timmy: honmadrid
[Fri Jun 06 23:26:34 BST 2025] [GameMessages] TIME'S UP! The answer was: Madrid
[Fri Jun 06 23:26:34 BST 2025] [GameMessages] QUESTION: What is the capital of France?
[Fri Jun 06 23:26:34 BST 2025] [GameMessages] GAME: You have 30 seconds to answer!
[Fri Jun 06 23:26:35 BST 2025] [GameMessages] TIME'S UP! The answer was: Paris
[Fri Jun 06 23:26:35 BST 2025] [GameMessages] QUESTION: What is the capital of Argentina?
[Fri Jun 06 23:26:35 BST 2025] [GameMessages] GAME: You have 30 seconds to answer!
[Fri Jun 06 23:26:44 BST 2025] [GameMessages] TIME'S UP! The answer was: Buenos Aires
[Fri Jun 06 23:26:44 BST 2025] [GameMessages] QUESTION: What is the capital of United States?
[Fri Jun 06 23:26:44 BST 2025] [GameMessages] GAME: You have 30 seconds to answer!
[Fri Jun 06 23:26:50 BST 2025] [GameMessages] CORRECT! timmy got it right!
[Fri Jun 06 23:26:50 BST 2025] [GameMessages] GAME: timmy now has 5 point(s)!
[Fri Jun 06 23:26:50 BST 2025] [GameMessages] GAME OVER! timmy WINS! 
[Fri Jun 06 23:26:50 BST 2025] [GameMessages] CURRENT SCORES:
[Fri Jun 06 23:26:50 BST 2025] [GameMessages] GAME: timmy: 5 point(s)
[Fri Jun 06 23:27:17 BST 2025] [GameMessages] GAME: No game is currently running!
[Fri Jun 06 23:27:37 BST 2025] [UserChats] timmy: hey
[Fri Jun 06 23:27:43 BST 2025] [GameMessages] SERVER: web has joined the chat!
[Fri Jun 06 23:27:43 BST 2025] [HelloUser] SERVER: web has joined the chat!
[Fri Jun 06 23:27:54 BST 2025] [GameMessages] web: /startgame
[Fri Jun 06 23:27:54 BST 2025] [WebChat] web: /startgame
[Fri Jun 06 23:28:06 BST 2025] [GameMessages] web: yo
[Fri Jun 06 23:28:06 BST 2025] [WebChat] web: yo
[Fri Jun 06 23:28:41 BST 2025] [GameMessages] CAPITAL GAME STARTED! 
[Fri Jun 06 23:28:41 BST 2025] [GameMessages] GAME: First to 5 correct answers wins!
[Fri Jun 06 23:28:41 BST 2025] [GameMessages] GAME: Type your answer in the chat to participate!
[Fri Jun 06 23:28:41 BST 2025] [GameMessages] QUESTION: What is the capital of Turkey?
[Fri Jun 06 23:28:41 BST 2025] [GameMessages] GAME: You have 30 seconds to answer!
[Fri Jun 06 23:28:54 BST 2025] [GameMessages] GAME STOPPED! 
[Fri Jun 06 23:28:54 BST 2025] [GameMessages] GAME: No scores yet!
[Fri Jun 06 23:35:36 BST 2025] [GameMessages] SERVER: web has joined the chat!
[Fri Jun 06 23:35:36 BST 2025] [HelloUser] SERVER: web has joined the chat!
[Fri Jun 06 23:35:45 BST 2025] [WebChat] web: hey
[Fri Jun 06 23:35:54 BST 2025] [WebChat] web: yo
[Fri Jun 06 23:36:04 BST 2025] [Moderation] SERVER: web (Web) has been removed by an admin.
[Fri Jun 06 23:36:04 BST 2025] [GameMessages] SERVER: web (Web) has been removed by an admin.
[Sat Jun 07 17:29:26 BST 2025] [GameMessages] SERVER: web has joined the chat!
[Sat Jun 07 17:29:26 BST 2025] [HelloUser] SERVER: web has joined the chat!
[Sat Jun 07 17:29:57 BST 2025] [WebChat] web: hey
[Sat Jun 07 17:30:10 BST 2025] [GameMessages] SERVER: web has left the chat.
[Sat Jun 07 17:30:10 BST 2025] [GoodbyeUser] SERVER: web has left the chat.
[Sat Jun 07 17:41:55 BST 2025] [HelloUser] SERVER: CLI has joined the chat!
[Sat Jun 07 17:42:10 BST 2025] [HelloUser] SERVER: GUI has joined the chat!
[Sat Jun 07 17:42:25 BST 2025] [GameMessages] SERVER: WEB has joined the chat!
[Sat Jun 07 17:42:25 BST 2025] [HelloUser] SERVER: WEB has joined the chat!
[Sat Jun 07 17:42:43 BST 2025] [GameMessages] CAPITAL GAME STARTED! 
[Sat Jun 07 17:42:44 BST 2025] [GameMessages] GAME: First to 5 correct answers wins!
[Sat Jun 07 17:42:45 BST 2025] [GameMessages] GAME: Type your answer in the chat to participate!
[Sat Jun 07 17:42:46 BST 2025] [GameMessages] QUESTION: What is the capital of United Kingdom?
[Sat Jun 07 17:42:46 BST 2025] [GameMessages] GAME: You have 30 seconds to answer!
[Sat Jun 07 17:42:58 BST 2025] [GameMessages] CORRECT! GUI got it right!
[Sat Jun 07 17:42:58 BST 2025] [GameMessages] GAME: GUI now has 1 point(s)!
[Sat Jun 07 17:43:00 BST 2025] [GameMessages] QUESTION: What is the capital of Germany?
[Sat Jun 07 17:43:00 BST 2025] [GameMessages] GAME: You have 30 seconds to answer!
[Sat Jun 07 17:43:05 BST 2025] [GameMessages] CORRECT! CLI got it right!
[Sat Jun 07 17:43:05 BST 2025] [GameMessages] GAME: CLI now has 1 point(s)!
[Sat Jun 07 17:43:07 BST 2025] [GameMessages] QUESTION: What is the capital of Italy?
[Sat Jun 07 17:43:08 BST 2025] [GameMessages] GAME: You have 30 seconds to answer!
[Sat Jun 07 17:43:16 BST 2025] [GameMessages] TIME'S UP! The answer was: Rome
[Sat Jun 07 17:43:17 BST 2025] [GameMessages] QUESTION: What is the capital of Turkey?
[Sat Jun 07 17:43:17 BST 2025] [GameMessages] GAME: You have 30 seconds to answer!
[Sat Jun 07 17:43:26 BST 2025] [WebChat] WEB: istanbul
[Sat Jun 07 17:43:30 BST 2025] [GameMessages] TIME'S UP! The answer was: Ankara
[Sat Jun 07 17:43:31 BST 2025] [GameMessages] QUESTION: What is the capital of Japan?
[Sat Jun 07 17:43:31 BST 2025] [GameMessages] GAME: You have 30 seconds to answer!
[Sat Jun 07 17:43:37 BST 2025] [GameMessages] TIME'S UP! The answer was: Tokyo
[Sat Jun 07 17:43:38 BST 2025] [GameMessages] QUESTION: What is the capital of South Korea?
[Sat Jun 07 17:43:39 BST 2025] [GameMessages] GAME: You have 30 seconds to answer!
[Sat Jun 07 17:43:45 BST 2025] [WebChat] WEB: seol
[Sat Jun 07 17:43:47 BST 2025] [GameMessages] TIME'S UP! The answer was: Seoul
[Sat Jun 07 17:43:48 BST 2025] [GameMessages] QUESTION: What is the capital of Germany?
[Sat Jun 07 17:43:48 BST 2025] [GameMessages] GAME: You have 30 seconds to answer!
[Sat Jun 07 17:43:54 BST 2025] [WebChat] WEB: berlin
[Sat Jun 07 17:44:00 BST 2025] [GameMessages] CORRECT! CLI got it right!
[Sat Jun 07 17:44:00 BST 2025] [GameMessages] GAME: CLI now has 2 point(s)!
[Sat Jun 07 17:44:01 BST 2025] [GameMessages] TIME'S UP! The answer was: Berlin
[Sat Jun 07 17:44:02 BST 2025] [GameMessages] QUESTION: What is the capital of Australia?
[Sat Jun 07 17:44:02 BST 2025] [GameMessages] QUESTION: What is the capital of United Kingdom?
[Sat Jun 07 17:44:02 BST 2025] [GameMessages] GAME: You have 30 seconds to answer!
[Sat Jun 07 17:44:03 BST 2025] [GameMessages] GAME: You have 30 seconds to answer!
[Sat Jun 07 17:44:08 BST 2025] [GameMessages] TIME'S UP! The answer was: London
[Sat Jun 07 17:44:09 BST 2025] [GameMessages] QUESTION: What is the capital of Germany?
[Sat Jun 07 17:44:10 BST 2025] [GameMessages] GAME: You have 30 seconds to answer!
[Sat Jun 07 17:44:18 BST 2025] [GameMessages] TIME'S UP! The answer was: Berlin
[Sat Jun 07 17:44:18 BST 2025] [WebChat] WEB: /help
[Sat Jun 07 17:44:18 BST 2025] [GameMessages] GAME HELP for WEB:
[Sat Jun 07 17:44:18 BST 2025] [GameMessages] GAME: /startgame - Start a new capital game
[Sat Jun 07 17:44:18 BST 2025] [GameMessages] GAME: /stopgame - Stop the current game
[Sat Jun 07 17:44:18 BST 2025] [GameMessages] GAME: /scores - Show current scores
[Sat Jun 07 17:44:18 BST 2025] [GameMessages] GAME: /gamestatus - Check game status
[Sat Jun 07 17:44:18 BST 2025] [GameMessages] GAME: /help - Show this help message
[Sat Jun 07 17:44:19 BST 2025] [GameMessages] QUESTION: What is the capital of Spain?
[Sat Jun 07 17:44:19 BST 2025] [GameMessages] GAME: You have 30 seconds to answer!
[Sat Jun 07 17:44:32 BST 2025] [GameMessages] TIME'S UP! The answer was: Madrid
[Sat Jun 07 17:44:32 BST 2025] [GameMessages] TIME'S UP! The answer was: Madrid
[Sat Jun 07 17:44:33 BST 2025] [GameMessages] QUESTION: What is the capital of South Korea?
[Sat Jun 07 17:44:33 BST 2025] [GameMessages] QUESTION: What is the capital of Mexico?
[Sat Jun 07 17:44:34 BST 2025] [GameMessages] GAME: You have 30 seconds to answer!
[Sat Jun 07 17:44:34 BST 2025] [GameMessages] GAME: You have 30 seconds to answer!
[Sat Jun 07 17:44:39 BST 2025] [GameMessages] TIME'S UP! The answer was: Mexico City
[Sat Jun 07 17:44:40 BST 2025] [GameMessages] QUESTION: What is the capital of Mexico?
[Sat Jun 07 17:44:41 BST 2025] [GameMessages] GAME: You have 30 seconds to answer!
[Sat Jun 07 17:44:49 BST 2025] [GameMessages] TIME'S UP! The answer was: Mexico City
[Sat Jun 07 17:44:50 BST 2025] [GameMessages] QUESTION: What is the capital of Turkey?
[Sat Jun 07 17:44:50 BST 2025] [GameMessages] GAME: You have 30 seconds to answer!
[Sat Jun 07 17:44:57 BST 2025] [WebChat] WEB: /score
[Sat Jun 07 17:44:57 BST 2025] [GameMessages] GAME: Unknown command '/score' from WEB. Type /help for available commands.
[Sat Jun 07 17:45:03 BST 2025] [GameMessages] TIME'S UP! The answer was: Ankara
[Sat Jun 07 17:45:03 BST 2025] [GameMessages] TIME'S UP! The answer was: Ankara
[Sat Jun 07 17:45:04 BST 2025] [WebChat] WEB: /stopgame
[Sat Jun 07 17:45:04 BST 2025] [GameMessages] GAME STOPPED! 
[Sat Jun 07 17:45:04 BST 2025] [GameMessages] CURRENT SCORES:
[Sat Jun 07 17:45:05 BST 2025] [GameMessages] GAME: CLI: 2 point(s)
[Sat Jun 07 17:45:05 BST 2025] [GameMessages] GAME: GUI: 1 point(s)
[Sat Jun 07 17:45:47 BST 2025] [GameMessages] CAPITAL GAME STARTED! 
[Sat Jun 07 17:45:48 BST 2025] [GameMessages] GAME: First to 5 correct answers wins!
[Sat Jun 07 17:45:49 BST 2025] [GameMessages] GAME: Type your answer in the chat to participate!
[Sat Jun 07 17:45:50 BST 2025] [GameMessages] QUESTION: What is the capital of South Korea?
[Sat Jun 07 17:45:50 BST 2025] [GameMessages] GAME: You have 30 seconds to answer!
[Sat Jun 07 17:46:01 BST 2025] [GameMessages] GAME STOPPED! 
[Sat Jun 07 17:46:01 BST 2025] [GameMessages] GAME: No scores yet!
[Sat Jun 07 17:47:36 BST 2025] [Moderation] SERVER: GUI has been removed by an admin.
[Sat Jun 07 17:47:36 BST 2025] [GoodbyeUser] SERVER: GUI has left the chat.
[Sat Jun 07 17:47:36 BST 2025] [GoodbyeUser] SERVER: CLI has left the chat.
[Sat Jun 07 17:47:46 BST 2025] [Moderation] SERVER: WEB (Web) has been removed by an admin.
[Sat Jun 07 17:47:46 BST 2025] [GameMessages] SERVER: WEB (Web) has been removed by an admin.
[Sat Jun 07 17:52:23 BST 2025] [GameMessages] SERVER: WEB has joined the chat!
[Sat Jun 07 17:52:23 BST 2025] [HelloUser] SERVER: WEB has joined the chat!
[Sat Jun 07 17:52:51 BST 2025] [WebChat] WEB: /startgame
[Sat Jun 07 17:52:51 BST 2025] [GameMessages] CAPITAL GAME STARTED! 
[Sat Jun 07 17:52:52 BST 2025] [GameMessages] GAME: First to 5 correct answers wins!
[Sat Jun 07 17:52:53 BST 2025] [GameMessages] GAME: Type your answer in the chat to participate!
[Sat Jun 07 17:52:54 BST 2025] [GameMessages] QUESTION: What is the capital of Brazil?
[Sat Jun 07 17:52:55 BST 2025] [GameMessages] GAME: You have 30 seconds to answer!
[Sat Jun 07 17:53:24 BST 2025] [GameMessages] TIME'S UP! The answer was: Brasília
[Sat Jun 07 17:53:25 BST 2025] [GameMessages] QUESTION: What is the capital of Argentina?
[Sat Jun 07 17:53:26 BST 2025] [GameMessages] GAME: You have 30 seconds to answer!
[Sat Jun 07 17:53:35 BST 2025] [WebChat] WEB: buenas ares
[Sat Jun 07 17:53:55 BST 2025] [GameMessages] TIME'S UP! The answer was: Buenos Aires
[Sat Jun 07 17:53:56 BST 2025] [GameMessages] QUESTION: What is the capital of France?
[Sat Jun 07 17:53:57 BST 2025] [GameMessages] GAME: You have 30 seconds to answer!
[Sat Jun 07 17:54:03 BST 2025] [GameMessages] CORRECT! WEB got it right!
[Sat Jun 07 17:54:03 BST 2025] [GameMessages] GAME: WEB now has 1 point(s)!
[Sat Jun 07 17:54:05 BST 2025] [GameMessages] QUESTION: What is the capital of Spain?
[Sat Jun 07 17:54:05 BST 2025] [GameMessages] GAME: You have 30 seconds to answer!
[Sat Jun 07 17:54:11 BST 2025] [GameMessages] CORRECT! WEB got it right!
[Sat Jun 07 17:54:11 BST 2025] [GameMessages] GAME: WEB now has 2 point(s)!
[Sat Jun 07 17:54:13 BST 2025] [GameMessages] QUESTION: What is the capital of Germany?
[Sat Jun 07 17:54:13 BST 2025] [GameMessages] GAME: You have 30 seconds to answer!
[Sat Jun 07 17:54:19 BST 2025] [GameMessages] CORRECT! WEB got it right!
[Sat Jun 07 17:54:19 BST 2025] [GameMessages] GAME: WEB now has 3 point(s)!
[Sat Jun 07 17:54:21 BST 2025] [GameMessages] QUESTION: What is the capital of Russia?
[Sat Jun 07 17:54:21 BST 2025] [GameMessages] GAME: You have 30 seconds to answer!
[Sat Jun 07 17:54:26 BST 2025] [GameMessages] TIME'S UP! The answer was: Moscow
[Sat Jun 07 17:54:27 BST 2025] [GameMessages] CORRECT! WEB got it right!
[Sat Jun 07 17:54:27 BST 2025] [GameMessages] GAME: WEB now has 4 point(s)!
[Sat Jun 07 17:54:27 BST 2025] [GameMessages] QUESTION: What is the capital of United States?
[Sat Jun 07 17:54:28 BST 2025] [GameMessages] GAME: You have 30 seconds to answer!
[Sat Jun 07 17:54:29 BST 2025] [GameMessages] QUESTION: What is the capital of Turkey?
[Sat Jun 07 17:54:29 BST 2025] [GameMessages] GAME: You have 30 seconds to answer!
[Sat Jun 07 17:54:35 BST 2025] [WebChat] WEB: washington dc
[Sat Jun 07 17:54:35 BST 2025] [GameMessages] TIME'S UP! The answer was: Ankara
[Sat Jun 07 17:54:36 BST 2025] [GameMessages] QUESTION: What is the capital of Brazil?
[Sat Jun 07 17:54:36 BST 2025] [GameMessages] GAME: You have 30 seconds to answer!
[Sat Jun 07 17:54:43 BST 2025] [GameMessages] TIME'S UP! The answer was: Brasília
[Sat Jun 07 17:54:44 BST 2025] [GameMessages] QUESTION: What is the capital of United Kingdom?
[Sat Jun 07 17:54:44 BST 2025] [GameMessages] GAME: You have 30 seconds to answer!
[Sat Jun 07 17:54:49 BST 2025] [GameMessages] CORRECT! WEB got it right!
[Sat Jun 07 17:54:49 BST 2025] [GameMessages] GAME: WEB now has 5 point(s)!
[Sat Jun 07 17:54:49 BST 2025] [GameMessages] GAME OVER! WEB WINS! 
[Sat Jun 07 17:54:49 BST 2025] [GameMessages] CURRENT SCORES:
[Sat Jun 07 17:54:49 BST 2025] [GameMessages] GAME: WEB: 5 point(s)
[Sat Jun 07 17:55:05 BST 2025] [WebChat] WEB: quit
[Sat Jun 07 18:04:13 BST 2025] [HelloUser] SERVER: WEB has joined the chat!
[Sat Jun 07 18:04:30 BST 2025] [GameMessages] SERVER: WEB has left the chat.
[Sat Jun 07 18:04:30 BST 2025] [GoodbyeUser] SERVER: WEB has left the chat.
[Sat Jun 07 18:04:49 BST 2025] [HelloUser] SERVER: WEB has joined the chat!
[Sat Jun 07 18:12:50 BST 2025] [HelloUser] SERVER: WEB has joined the chat!
[Sat Jun 07 18:13:01 BST 2025] [GameMessages] SERVER: WEB has left the chat.
[Sat Jun 07 18:13:01 BST 2025] [GoodbyeUser] SERVER: WEB has left the chat.
[Sat Jun 07 18:13:11 BST 2025] [HelloUser] SERVER: web has joined the chat!
[Sat Jun 07 18:13:17 BST 2025] [GameMessages] SERVER: web has left the chat.
[Sat Jun 07 18:13:17 BST 2025] [GoodbyeUser] SERVER: web has left the chat.
[Sat Jun 07 18:13:54 BST 2025] [HelloUser] SERVER: web has joined the chat!
[Sat Jun 07 18:16:58 BST 2025] [HelloUser] SERVER: web has joined the chat!
[Sat Jun 07 18:19:23 BST 2025] [HelloUser] SERVER: web has joined the chat!
[Sat Jun 07 18:19:44 BST 2025] [WebChat] : hey
[Sat Jun 07 18:20:01 BST 2025] [HelloUser] SERVER: cli has joined the chat!
[Sat Jun 07 18:20:10 BST 2025] [WebChat] : yo
[Sat Jun 07 18:20:59 BST 2025] [Moderation] SERVER: cli has been removed by an admin.
[Sat Jun 07 18:20:59 BST 2025] [GoodbyeUser] SERVER: cli has left the chat.
[Sat Jun 07 18:22:33 BST 2025] [GameMessages] SERVER: web has joined the chat!
[Sat Jun 07 18:22:33 BST 2025] [HelloUser] SERVER: web has joined the chat!
[Sat Jun 07 18:22:44 BST 2025] [Moderation] SERVER: web (Web) has been removed by an admin.
[Sat Jun 07 18:22:44 BST 2025] [GameMessages] SERVER: web (Web) has been removed by an admin.
[Sat Jun 07 18:28:25 BST 2025] [GameMessages] SERVER: web has joined the chat!
[Sat Jun 07 18:28:25 BST 2025] [HelloUser] SERVER: web has joined the chat!
[Sat Jun 07 18:28:36 BST 2025] [GameMessages] CAPITAL GAME STARTED! 
[Sat Jun 07 18:28:36 BST 2025] [GameMessages] GAME START command issued by: web
[Sat Jun 07 18:28:36 BST 2025] [WebChat] web: /startgame
[Sat Jun 07 18:28:36 BST 2025] [GameMessages] web: /startgame
[Sat Jun 07 18:28:37 BST 2025] [GameMessages] GAME: First to 5 correct answers wins!
[Sat Jun 07 18:28:38 BST 2025] [GameMessages] GAME: Type your answer in the chat to participate!
[Sat Jun 07 18:28:39 BST 2025] [GameMessages] QUESTION: What is the capital of India?
[Sat Jun 07 18:28:39 BST 2025] [GameMessages] GAME: You have 30 seconds to answer!
[Sat Jun 07 18:28:46 BST 2025] [WebChat] web: idk
[Sat Jun 07 18:28:46 BST 2025] [GameMessages] web: idk
[Sat Jun 07 18:29:09 BST 2025] [GameMessages] TIME'S UP! The answer was: New Delhi
[Sat Jun 07 18:29:10 BST 2025] [GameMessages] QUESTION: What is the capital of Germany?
[Sat Jun 07 18:29:10 BST 2025] [GameMessages] GAME: You have 30 seconds to answer!
[Sat Jun 07 18:29:15 BST 2025] [GameMessages] CORRECT! web got it right!
[Sat Jun 07 18:29:15 BST 2025] [GameMessages] GAME: web now has 1 point(s)!
[Sat Jun 07 18:29:17 BST 2025] [GameMessages] QUESTION: What is the capital of South Korea?
[Sat Jun 07 18:29:17 BST 2025] [GameMessages] GAME: You have 30 seconds to answer!
[Sat Jun 07 18:29:25 BST 2025] [WebChat] web: /stopgame
[Sat Jun 07 18:29:25 BST 2025] [GameMessages] web: /stopgame
[Sat Jun 07 18:29:30 BST 2025] [Moderation] SERVER: web (Web) has been removed by an admin.
[Sat Jun 07 18:29:30 BST 2025] [GameMessages] SERVER: web (Web) has been removed by an admin.
[Sat Jun 07 18:29:40 BST 2025] [GameMessages] TIME'S UP! The answer was: Seoul
[Sat Jun 07 18:29:41 BST 2025] [GameMessages] QUESTION: What is the capital of China?
[Sat Jun 07 18:29:41 BST 2025] [GameMessages] GAME: You have 30 seconds to answer!
[Sat Jun 07 18:29:47 BST 2025] [GameMessages] TIME'S UP! The answer was: Beijing
[Sat Jun 07 18:29:48 BST 2025] [GameMessages] QUESTION: What is the capital of Egypt?
[Sat Jun 07 18:29:48 BST 2025] [GameMessages] GAME: You have 30 seconds to answer!
[Sat Jun 07 18:30:11 BST 2025] [GameMessages] TIME'S UP! The answer was: Cairo
[Sat Jun 07 18:30:12 BST 2025] [GameMessages] QUESTION: What is the capital of Canada?
[Sat Jun 07 18:30:12 BST 2025] [GameMessages] GAME: You have 30 seconds to answer!
[Sat Jun 07 18:30:18 BST 2025] [GameMessages] TIME'S UP! The answer was: Ottawa
[Sat Jun 07 18:30:19 BST 2025] [GameMessages] QUESTION: What is the capital of Brazil?
[Sat Jun 07 18:30:19 BST 2025] [GameMessages] GAME: You have 30 seconds to answer!
[Sat Jun 07 18:30:42 BST 2025] [GameMessages] TIME'S UP! The answer was: Brasília
[Sat Jun 07 18:30:43 BST 2025] [GameMessages] QUESTION: What is the capital of Australia?
[Sat Jun 07 18:30:43 BST 2025] [GameMessages] GAME: You have 30 seconds to answer!
[Sat Jun 07 18:30:49 BST 2025] [GameMessages] TIME'S UP! The answer was: Canberra
[Sat Jun 07 18:30:50 BST 2025] [GameMessages] QUESTION: What is the capital of China?
[Sat Jun 07 18:30:50 BST 2025] [GameMessages] GAME: You have 30 seconds to answer!
[Sat Jun 07 18:31:13 BST 2025] [GameMessages] TIME'S UP! The answer was: Beijing
[Sat Jun 07 18:31:14 BST 2025] [GameMessages] QUESTION: What is the capital of Brazil?
[Sat Jun 07 18:31:14 BST 2025] [GameMessages] GAME: You have 30 seconds to answer!
[Sat Jun 07 18:31:20 BST 2025] [GameMessages] TIME'S UP! The answer was: Brasília
[Sat Jun 07 18:31:21 BST 2025] [GameMessages] QUESTION: What is the capital of South Korea?
[Sat Jun 07 18:31:21 BST 2025] [GameMessages] GAME: You have 30 seconds to answer!
[Sat Jun 07 18:31:44 BST 2025] [GameMessages] TIME'S UP! The answer was: Seoul
[Sat Jun 07 18:31:45 BST 2025] [GameMessages] QUESTION: What is the capital of China?
[Sat Jun 07 18:31:45 BST 2025] [GameMessages] GAME: You have 30 seconds to answer!
[Sat Jun 07 18:31:51 BST 2025] [GameMessages] TIME'S UP! The answer was: Beijing
[Sat Jun 07 18:31:52 BST 2025] [GameMessages] QUESTION: What is the capital of Japan?
[Sat Jun 07 18:31:52 BST 2025] [GameMessages] GAME: You have 30 seconds to answer!
[Sat Jun 07 18:32:15 BST 2025] [GameMessages] TIME'S UP! The answer was: Tokyo
[Sat Jun 07 18:32:16 BST 2025] [GameMessages] QUESTION: What is the capital of South Korea?
[Sat Jun 07 18:32:16 BST 2025] [GameMessages] GAME: You have 30 seconds to answer!
[Sat Jun 07 18:32:22 BST 2025] [GameMessages] TIME'S UP! The answer was: Seoul
[Sat Jun 07 18:32:23 BST 2025] [GameMessages] QUESTION: What is the capital of India?
[Sat Jun 07 18:32:23 BST 2025] [GameMessages] GAME: You have 30 seconds to answer!
[Sat Jun 07 18:32:46 BST 2025] [GameMessages] TIME'S UP! The answer was: New Delhi
[Sat Jun 07 18:32:47 BST 2025] [GameMessages] QUESTION: What is the capital of South Africa?
[Sat Jun 07 18:32:47 BST 2025] [GameMessages] GAME: You have 30 seconds to answer!
[Sat Jun 07 18:32:53 BST 2025] [GameMessages] TIME'S UP! The answer was: Pretoria
[Sat Jun 07 18:32:54 BST 2025] [GameMessages] QUESTION: What is the capital of India?
[Sat Jun 07 18:32:55 BST 2025] [GameMessages] GAME: You have 30 seconds to answer!
[Sat Jun 07 18:33:17 BST 2025] [GameMessages] TIME'S UP! The answer was: New Delhi
[Sat Jun 07 18:33:18 BST 2025] [GameMessages] QUESTION: What is the capital of Egypt?
[Sat Jun 07 18:33:18 BST 2025] [GameMessages] GAME: You have 30 seconds to answer!
[Sat Jun 07 18:33:24 BST 2025] [GameMessages] TIME'S UP! The answer was: Cairo
[Sat Jun 07 18:33:25 BST 2025] [GameMessages] QUESTION: What is the capital of United States?
[Sat Jun 07 18:33:26 BST 2025] [GameMessages] GAME: You have 30 seconds to answer!
[Sat Jun 07 18:33:48 BST 2025] [GameMessages] TIME'S UP! The answer was: Washington DC
[Sat Jun 07 18:33:49 BST 2025] [GameMessages] QUESTION: What is the capital of Italy?
[Sat Jun 07 18:33:49 BST 2025] [GameMessages] GAME: You have 30 seconds to answer!
[Sat Jun 07 18:33:55 BST 2025] [GameMessages] TIME'S UP! The answer was: Rome
[Sat Jun 07 18:33:56 BST 2025] [GameMessages] QUESTION: What is the capital of United States?
[Sat Jun 07 18:33:57 BST 2025] [GameMessages] GAME: You have 30 seconds to answer!
[Sat Jun 07 18:34:19 BST 2025] [GameMessages] TIME'S UP! The answer was: Washington DC
[Sat Jun 07 18:34:20 BST 2025] [GameMessages] QUESTION: What is the capital of United Kingdom?
[Sat Jun 07 18:34:20 BST 2025] [GameMessages] GAME: You have 30 seconds to answer!
[Sat Jun 07 18:34:26 BST 2025] [GameMessages] TIME'S UP! The answer was: London
[Sat Jun 07 18:34:27 BST 2025] [GameMessages] QUESTION: What is the capital of Saudi Arabia?
[Sat Jun 07 18:34:28 BST 2025] [GameMessages] GAME: You have 30 seconds to answer!
[Sat Jun 07 18:34:50 BST 2025] [GameMessages] TIME'S UP! The answer was: Riyadh
[Sat Jun 07 18:34:51 BST 2025] [GameMessages] QUESTION: What is the capital of South Korea?
[Sat Jun 07 18:34:51 BST 2025] [GameMessages] GAME: You have 30 seconds to answer!
[Sat Jun 07 18:34:57 BST 2025] [GameMessages] TIME'S UP! The answer was: Seoul
[Sat Jun 07 18:34:58 BST 2025] [GameMessages] QUESTION: What is the capital of Japan?
[Sat Jun 07 18:34:59 BST 2025] [GameMessages] GAME: You have 30 seconds to answer!
[Sat Jun 07 18:35:21 BST 2025] [GameMessages] TIME'S UP! The answer was: Tokyo
[Sat Jun 07 18:35:22 BST 2025] [GameMessages] QUESTION: What is the capital of Canada?
[Sat Jun 07 18:35:22 BST 2025] [GameMessages] GAME: You have 30 seconds to answer!
[Sat Jun 07 18:35:28 BST 2025] [GameMessages] TIME'S UP! The answer was: Ottawa
[Sat Jun 07 18:35:29 BST 2025] [GameMessages] QUESTION: What is the capital of Italy?
[Sat Jun 07 18:35:30 BST 2025] [GameMessages] GAME: You have 30 seconds to answer!
[Sat Jun 07 18:35:52 BST 2025] [GameMessages] TIME'S UP! The answer was: Rome
[Sat Jun 07 18:35:53 BST 2025] [GameMessages] QUESTION: What is the capital of Argentina?
[Sat Jun 07 18:35:53 BST 2025] [GameMessages] GAME: You have 30 seconds to answer!
[Sat Jun 07 18:35:59 BST 2025] [GameMessages] TIME'S UP! The answer was: Buenos Aires
[Sat Jun 07 18:36:00 BST 2025] [GameMessages] QUESTION: What is the capital of Argentina?
[Sat Jun 07 18:36:01 BST 2025] [GameMessages] GAME: You have 30 seconds to answer!
[Sat Jun 07 18:36:23 BST 2025] [GameMessages] TIME'S UP! The answer was: Buenos Aires
[Sat Jun 07 18:36:24 BST 2025] [GameMessages] QUESTION: What is the capital of Mexico?
[Sat Jun 07 18:36:24 BST 2025] [GameMessages] GAME: You have 30 seconds to answer!
[Sat Jun 07 18:36:30 BST 2025] [GameMessages] TIME'S UP! The answer was: Mexico City
[Sat Jun 07 18:36:31 BST 2025] [GameMessages] QUESTION: What is the capital of Canada?
[Sat Jun 07 18:36:32 BST 2025] [GameMessages] GAME: You have 30 seconds to answer!
[Sat Jun 07 18:36:54 BST 2025] [GameMessages] TIME'S UP! The answer was: Ottawa
[Sat Jun 07 18:36:55 BST 2025] [GameMessages] QUESTION: What is the capital of Italy?
[Sat Jun 07 18:36:55 BST 2025] [GameMessages] GAME: You have 30 seconds to answer!
[Sat Jun 07 18:37:01 BST 2025] [GameMessages] TIME'S UP! The answer was: Rome
[Sat Jun 07 18:37:02 BST 2025] [GameMessages] QUESTION: What is the capital of United States?
[Sat Jun 07 18:37:03 BST 2025] [GameMessages] GAME: You have 30 seconds to answer!
[Sat Jun 07 18:37:25 BST 2025] [GameMessages] TIME'S UP! The answer was: Washington DC
[Sat Jun 07 18:37:26 BST 2025] [GameMessages] QUESTION: What is the capital of Saudi Arabia?
[Sat Jun 07 18:37:26 BST 2025] [GameMessages] GAME: You have 30 seconds to answer!
[Sat Jun 07 18:37:32 BST 2025] [GameMessages] TIME'S UP! The answer was: Riyadh
[Sat Jun 07 18:37:33 BST 2025] [GameMessages] QUESTION: What is the capital of Saudi Arabia?
[Sat Jun 07 18:37:34 BST 2025] [GameMessages] GAME: You have 30 seconds to answer!
[Sat Jun 07 19:11:00 BST 2025] [HelloUser] SERVER: cli has joined the chat!
[Sat Jun 07 19:11:13 BST 2025] [HelloUser] SERVER: GUI has joined the chat!
[Sat Jun 07 19:11:25 BST 2025] [GameMessages] SERVER: web has joined the chat!
[Sat Jun 07 19:11:25 BST 2025] [HelloUser] SERVER: web has joined the chat!
[Sat Jun 07 19:11:35 BST 2025] [WebChat] web: hey
[Sat Jun 07 19:11:35 BST 2025] [GameMessages] web: hey
[Sat Jun 07 19:11:45 BST 2025] [Moderation] SERVER: cli has been removed by an admin.
[Sat Jun 07 19:11:45 BST 2025] [GoodbyeUser] SERVER: cli has left the chat.
[Sat Jun 07 19:11:56 BST 2025] [Moderation] SERVER: GUI has been removed by an admin.
[Sat Jun 07 19:11:56 BST 2025] [GoodbyeUser] SERVER: GUI has left the chat.
[Sat Jun 07 19:12:01 BST 2025] [Moderation] SERVER: web (Web) has been removed by an admin.
[Sat Jun 07 19:12:01 BST 2025] [GameMessages] SERVER: web (Web) has been removed by an admin.
[Sun Jun 08 14:55:57 BST 2025] [HelloUser] SERVER: tim has joined the chat!
[Sun Jun 08 14:56:18 BST 2025] [GameMessages] SERVER: WebUser has joined the chat!
[Sun Jun 08 14:56:18 BST 2025] [HelloUser] SERVER: WebUser has joined the chat!
[Sun Jun 08 14:56:22 BST 2025] [WebChat] WebUser: hey
[Sun Jun 08 14:56:22 BST 2025] [GameMessages] WebUser: hey
[Sun Jun 08 14:56:25 BST 2025] [UserChats] tim: yo
[Sun Jun 08 14:56:37 BST 2025] [GameMessages] CAPITAL GAME STARTED! 
[Sun Jun 08 14:56:37 BST 2025] [GameMessages] GAME START command issued by: WebUser
[Sun Jun 08 14:56:37 BST 2025] [WebChat] WebUser: /startgame
[Sun Jun 08 14:56:37 BST 2025] [GameMessages] WebUser: /startgame
[Sun Jun 08 14:56:38 BST 2025] [GameMessages] GAME: First to 5 correct answers wins!
[Sun Jun 08 14:56:39 BST 2025] [GameMessages] GAME: Type your answer in the chat to participate!
[Sun Jun 08 14:56:40 BST 2025] [GameMessages] QUESTION: What is the capital of Australia?
[Sun Jun 08 14:56:40 BST 2025] [GameMessages] GAME: You have 30 seconds to answer!
[Sun Jun 08 14:56:53 BST 2025] [UserChats] tim: sydny
[Sun Jun 08 14:57:10 BST 2025] [GameMessages] TIME'S UP! The answer was: Canberra
[Sun Jun 08 14:57:11 BST 2025] [GameMessages] QUESTION: What is the capital of Germany?
[Sun Jun 08 14:57:11 BST 2025] [GameMessages] GAME: You have 30 seconds to answer!
[Sun Jun 08 14:57:16 BST 2025] [GameMessages] CORRECT! tim got it right!
[Sun Jun 08 14:57:16 BST 2025] [GameMessages] GAME: tim now has 1 point(s)!
[Sun Jun 08 14:57:18 BST 2025] [GameMessages] QUESTION: What is the capital of United Kingdom?
[Sun Jun 08 14:57:19 BST 2025] [GameMessages] GAME: You have 30 seconds to answer!
[Sun Jun 08 14:57:21 BST 2025] [GameMessages] CORRECT! tim got it right!
[Sun Jun 08 14:57:21 BST 2025] [GameMessages] GAME: tim now has 2 point(s)!
[Sun Jun 08 14:57:23 BST 2025] [GameMessages] QUESTION: What is the capital of United States?
[Sun Jun 08 14:57:24 BST 2025] [GameMessages] GAME: You have 30 seconds to answer!
[Sun Jun 08 14:57:31 BST 2025] [GameMessages] CORRECT! WebUser got it right!
[Sun Jun 08 14:57:31 BST 2025] [GameMessages] GAME: WebUser now has 1 point(s)!
[Sun Jun 08 14:57:33 BST 2025] [GameMessages] QUESTION: What is the capital of United Kingdom?
[Sun Jun 08 14:57:34 BST 2025] [GameMessages] GAME: You have 30 seconds to answer!
[Sun Jun 08 14:57:41 BST 2025] [GameMessages] TIME'S UP! The answer was: London
[Sun Jun 08 14:57:42 BST 2025] [GameMessages] QUESTION: What is the capital of South Korea?
[Sun Jun 08 14:57:42 BST 2025] [GameMessages] GAME: You have 30 seconds to answer!
[Sun Jun 08 14:57:48 BST 2025] [GameMessages] TIME'S UP! The answer was: Seoul
[Sun Jun 08 14:57:49 BST 2025] [GameMessages] QUESTION: What is the capital of Canada?
[Sun Jun 08 14:57:50 BST 2025] [GameMessages] GAME: You have 30 seconds to answer!
[Sun Jun 08 14:57:53 BST 2025] [GameMessages] TIME'S UP! The answer was: Ottawa
[Sun Jun 08 14:57:54 BST 2025] [GameMessages] QUESTION: What is the capital of Japan?
[Sun Jun 08 14:57:55 BST 2025] [GameMessages] GAME: You have 30 seconds to answer!
[Sun Jun 08 14:57:57 BST 2025] [GameMessages] GAME STOPPED! 
[Sun Jun 08 14:57:58 BST 2025] [GameMessages] CURRENT SCORES:
[Sun Jun 08 14:57:58 BST 2025] [GameMessages] GAME: tim: 2 point(s)
[Sun Jun 08 14:57:58 BST 2025] [GameMessages] GAME: WebUser: 1 point(s)
[Sun Jun 08 14:58:47 BST 2025] [HelloUser] SERVER: tim has joined the chat!
[Sun Jun 08 15:00:19 BST 2025] [GameMessages] SERVER: WebUser1 has joined the chat!
[Sun Jun 08 15:00:19 BST 2025] [GoodbyeUser] SERVER: tim has left the chat.
[Sun Jun 08 15:00:19 BST 2025] [GoodbyeUser] SERVER: tim has left the chat.
[Sun Jun 08 15:00:19 BST 2025] [HelloUser] SERVER: WebUser1 has joined the chat!
[Sun Jun 08 15:00:22 BST 2025] [WebChat] WebUser1: hey
[Sun Jun 08 15:00:22 BST 2025] [GameMessages] WebUser1: hey
[Sun Jun 08 15:00:28 BST 2025] [WebChat] WebUser: yo
[Sun Jun 08 15:00:28 BST 2025] [GameMessages] WebUser: yo
[Sun Jun 08 15:00:39 BST 2025] [GameMessages] SERVER: WebUser has left the chat.
[Sun Jun 08 15:00:39 BST 2025] [GoodbyeUser] SERVER: WebUser has left the chat.
[Sun Jun 08 15:00:46 BST 2025] [GameMessages] SERVER: WebUser1 has left the chat.
[Sun Jun 08 15:00:46 BST 2025] [GoodbyeUser] SERVER: WebUser1 has left the chat.
[Sun Jun 08 15:00:57 BST 2025] [GameMessages] SERVER: web has joined the chat!
[Sun Jun 08 15:00:57 BST 2025] [HelloUser] SERVER: web has joined the chat!
[Sun Jun 08 15:01:02 BST 2025] [Moderation] SERVER: web (Web) has been removed by an admin.
[Sun Jun 08 15:01:02 BST 2025] [GameMessages] SERVER: web (Web) has been removed by an admin.
[Sun Jun 08 15:17:15 BST 2025] [HelloUser] SERVER: web has joined the chat!
[Sun Jun 08 15:17:26 BST 2025] [Moderation] SERVER: web has been removed by an admin.
[Sun Jun 08 15:17:26 BST 2025] [GoodbyeUser] SERVER: web has left the chat.
[Sun Jun 08 15:17:36 BST 2025] [HelloUser] SERVER: gui has joined the chat!
[Sun Jun 08 15:20:56 BST 2025] [Moderation] SERVER: gui has been removed by an admin.
[Sun Jun 08 15:20:56 BST 2025] [GoodbyeUser] SERVER: gui has left the chat.
[Sun Jun 08 15:32:12 BST 2025] [HelloUser] SERVER: tim has joined the chat!
[Sun Jun 08 15:32:26 BST 2025] [Moderation] SERVER: tim has been removed by an admin.
[Sun Jun 08 15:32:26 BST 2025] [GoodbyeUser] SERVER: tim has left the chat.
[Sun Jun 08 15:32:35 BST 2025] [WebChat] SERVER: web has joined the chat!
[Sun Jun 08 15:32:36 BST 2025] [HelloUser] SERVER: web has joined the chat!
[Sun Jun 08 15:32:47 BST 2025] [UserChats] web: yo
[Sun Jun 08 15:33:53 BST 2025] [WebChat] SERVER: web has left the chat.
[Sun Jun 08 15:33:53 BST 2025] [GoodbyeUser] SERVER: web has left the chat.
[Sun Jun 08 15:34:40 BST 2025] [UserChats] SERVER: web has joined the chat!
[Sun Jun 08 15:34:40 BST 2025] [HelloUser] SERVER: web has joined the chat!
[Sun Jun 08 15:36:17 BST 2025] [UserChats] SERVER: web has left the chat.
[Sun Jun 08 15:36:17 BST 2025] [GoodbyeUser] SERVER: web has left the chat.
[Sun Jun 08 15:40:12 BST 2025] [HelloUser] SERVER: web has joined the chat!
[Sun Jun 08 15:40:25 BST 2025] [UserChats] web: hey
[Sun Jun 08 15:40:31 BST 2025] [UserChats] web: by
[Sun Jun 08 15:40:35 BST 2025] [GoodbyeUser] SERVER: web has left the chat.
[Sun Jun 08 15:41:37 BST 2025] [HelloUser] SERVER: tim has joined the chat!
[Sun Jun 08 15:43:07 BST 2025] [Moderation] SERVER: tim has been removed by an admin.
[Sun Jun 08 15:43:07 BST 2025] [GoodbyeUser] SERVER: tim has left the chat.
[Sun Jun 08 15:45:57 BST 2025] [HelloUser] SERVER: tim has joined the chat!
[Sun Jun 08 15:46:04 BST 2025] [UserChats] tim: hey
[Sun Jun 08 15:46:06 BST 2025] [UserChats] tim: yo
[Sun Jun 08 15:46:08 BST 2025] [UserChats] tim: to
[Sun Jun 08 15:46:15 BST 2025] [HelloUser] SERVER: web has joined the chat!
[Sun Jun 08 15:46:23 BST 2025] [UserChats] web: hey
[Sun Jun 08 15:46:34 BST 2025] [UserChats] web: bye
[Sun Jun 08 15:46:36 BST 2025] [GoodbyeUser] SERVER: web has left the chat.
[Sun Jun 08 15:46:57 BST 2025] [HelloUser] SERVER: timmy has joined the chat!
[Sun Jun 08 15:46:57 BST 2025] [GoodbyeUser] SERVER: tim has left the chat.
[Sun Jun 08 15:47:26 BST 2025] [Moderation] SERVER: timmy has been removed by an admin.
[Sun Jun 08 15:47:26 BST 2025] [GoodbyeUser] SERVER: timmy has left the chat.
[Sun Jun 08 15:51:55 BST 2025] [HelloUser] SERVER: timmy has joined the chat!
[Sun Jun 08 15:52:04 BST 2025] [GoodbyeUser] SERVER: timmy has left the chat.
[Sun Jun 08 15:52:22 BST 2025] [HelloUser] SERVER: gui has joined the chat!
[Sun Jun 08 15:52:26 BST 2025] [GoodbyeUser] SERVER: gui has left the chat.
